android/app/build/outputs/logs/manifest-merger-release-report.txt
-- Merging decision tree log ---
manifest
ADDED from src/main/AndroidManifest.xml:1:1-36:12
INJECTED from src/main/AndroidManifest.xml:1:1-36:12
INJECTED from src/main/AndroidManifest.xml:1:1-36:12
INJECTED from src/main/AndroidManifest.xml:1:1-36:12
MERGED from [:react-native-contacts] AndroidManifest.xml:2:1-11:12
MERGED from [:@react-native-community_async-storage] AndroidManifest.xml:2:1-9:12
MERGED from [:@react-native-firebase_app] AndroidManifest.xml:2:1-11:12
MERGED from [:react-native-appsflyer] AndroidManifest.xml:2:1-15:12
MERGED from [:react-native-fabric] AndroidManifest.xml:2:1-11:12
MERGED from [:react-native-fast-image] AndroidManifest.xml:2:1-11:12
MERGED from [:react-native-fs] AndroidManifest.xml:2:1-13:12
MERGED from [:react-native-gesture-handler] AndroidManifest.xml:2:1-11:12
MERGED from [:react-native-image-crop-picker] AndroidManifest.xml:2:1-28:12
MERGED from [:react-native-image-picker] AndroidManifest.xml:2:1-21:12
MERGED from [:react-native-onesignal] AndroidManifest.xml:2:1-7:12
MERGED from [:react-native-reanimated] AndroidManifest.xml:2:1-11:12
MERGED from [:react-native-splash-screen] AndroidManifest.xml:2:1-14:12
MERGED from [:react-native-svg] AndroidManifest.xml:2:1-9:12
MERGED from [:react-native-vector-icons] AndroidManifest.xml:2:1-11:12
MERGED from [:react-native-webview] AndroidManifest.xml:2:1-23:12
MERGED from [:rn-fetch-blob] AndroidManifest.xml:2:1-47:12
MERGED from [com.facebook.react:react-native:0.60.5] AndroidManifest.xml:2:1-13:12
MERGED from [com.onesignal:OneSignal:3.13.2] AndroidManifest.xml:2:1-106:12
MERGED from [org.webkit:android-jsc:r245459] AndroidManifest.xml:2:1-11:12
MERGED from [:react-native-image-resizer] AndroidManifest.xml:2:1-11:12
MERGED from [:react-native-linear-gradient] AndroidManifest.xml:2:1-11:12
MERGED from [com.google.firebase:firebase-messaging:20.1.7] AndroidManifest.xml:17:1-44:12
MERGED from [com.google.firebase:firebase-datatransport:17.0.3] AndroidManifest.xml:15:1-34:12
MERGED from [com.google.android.datatransport:transport-backend-cct:2.2.0] AndroidManifest.xml:15:1-38:12
MERGED from [com.google.android.datatransport:transport-runtime:2.2.0] AndroidManifest.xml:15:1-41:12
MERGED from [com.github.yalantis:ucrop:2.2.2-native] AndroidManifest.xml:2:1-11:12
MERGED from [androidx.appcompat:appcompat:1.0.2] AndroidManifest.xml:17:1-22:12
MERGED from [com.facebook.fresco:fresco:2.0.0] AndroidManifest.xml:2:1-9:12
MERGED from [com.facebook.fresco:imagepipeline-okhttp3:2.0.0] AndroidManifest.xml:2:1-9:12
MERGED from [com.facebook.fresco:drawee:2.0.0] AndroidManifest.xml:2:1-9:12
MERGED from [com.facebook.fresco:nativeimagefilters:2.0.0] AndroidManifest.xml:2:1-9:12
MERGED from [com.facebook.fresco:imagepipeline:2.0.0] AndroidManifest.xml:2:1-9:12
MERGED from [com.facebook.fresco:nativeimagetranscoder:2.0.0] AndroidManifest.xml:2:1-9:12
MERGED from [com.facebook.fresco:imagepipeline-base:2.0.0] AndroidManifest.xml:2:1-9:12
MERGED from [com.facebook.soloader:soloader:0.6.0] AndroidManifest.xml:2:1-13:12
MERGED from [com.github.bumptech.glide:okhttp3-integration:4.9.0] AndroidManifest.xml:2:1-16:12
MERGED from [com.google.android.gms:play-services-location:15.0.1] AndroidManifest.xml:2:1-9:12
MERGED from [com.google.firebase:firebase-core:17.4.1] AndroidManifest.xml:2:1-9:12
MERGED from [com.google.firebase:firebase-analytics:17.4.1] AndroidManifest.xml:2:1-9:12
MERGED from [com.google.android.gms:play-services-measurement:17.4.1] AndroidManifest.xml:17:1-46:12
MERGED from [com.google.android.gms:play-services-measurement-api:17.4.1] AndroidManifest.xml:17:1-36:12
MERGED from [com.google.android.gms:play-services-measurement-sdk:17.4.1] AndroidManifest.xml:17:1-25:12
MERGED from [com.google.android.gms:play-services-measurement-impl:17.4.1] AndroidManifest.xml:17:1-31:12
MERGED from [com.google.android.gms:play-services-ads-identifier:17.0.0] AndroidManifest.xml:17:1-24:12
MERGED from [com.google.firebase:firebase-iid:20.1.7] AndroidManifest.xml:17:1-47:12
MERGED from [com.google.firebase:firebase-iid-interop:17.0.0] AndroidManifest.xml:2:1-10:12
MERGED from [com.google.android.gms:play-services-base:17.0.0] AndroidManifest.xml:17:1-29:12
MERGED from [androidx.cardview:cardview:1.0.0] AndroidManifest.xml:17:1-22:12
MERGED from [androidx.browser:browser:1.0.0] AndroidManifest.xml:17:1-22:12
MERGED from [com.google.firebase:firebase-installations:16.3.0] AndroidManifest.xml:2:1-23:12
MERGED from [com.google.firebase:firebase-common:19.3.0] AndroidManifest.xml:15:1-39:12
MERGED from [com.android.installreferrer:installreferrer:1.0] AndroidManifest.xml:2:1-13:12
MERGED from [com.appsflyer:af-android-sdk:4.10.2] AndroidManifest.xml:2:1-17:12
MERGED from [com.crashlytics.sdk.android:crashlytics:2.10.1] AndroidManifest.xml:2:1-26:12
MERGED from [androidx.transition:transition:1.0.0] AndroidManifest.xml:17:1-22:12
MERGED from [com.github.bumptech.glide:glide:4.9.0] AndroidManifest.xml:2:1-12:12
MERGED from [com.google.android.gms:play-services-places-placereport:15.0.1] AndroidManifest.xml:17:1-24:12
MERGED from [com.google.firebase:firebase-installations-interop:16.0.0] AndroidManifest.xml:15:1-23:12
MERGED from [com.google.android.gms:play-services-tasks:17.0.0] AndroidManifest.xml:2:1-9:12
MERGED from [com.google.android.gms:play-services-stats:17.0.0] AndroidManifest.xml:2:1-9:12
MERGED from [com.google.firebase:firebase-measurement-connector:18.0.0] AndroidManifest.xml:17:1-25:12
MERGED from [com.google.android.gms:play-services-measurement-sdk-api:17.4.1] AndroidManifest.xml:17:1-27:12
MERGED from [com.google.android.gms:play-services-measurement-base:17.4.1] AndroidManifest.xml:2:1-9:12
MERGED from [com.google.android.gms:play-services-basement:17.0.0] AndroidManifest.xml:17:1-28:12
MERGED from [androidx.fragment:fragment:1.0.0] AndroidManifest.xml:17:1-22:12
MERGED from [androidx.vectordrawable:vectordrawable-animated:1.0.0] AndroidManifest.xml:17:1-22:12
MERGED from [androidx.legacy:legacy-support-core-ui:1.0.0] AndroidManifest.xml:17:1-22:12
MERGED from [androidx.legacy:legacy-support-core-utils:1.0.0] AndroidManifest.xml:17:1-22:12
MERGED from [androidx.vectordrawable:vectordrawable:1.0.1] AndroidManifest.xml:17:1-22:12
MERGED from [androidx.loader:loader:1.0.0] AndroidManifest.xml:17:1-22:12
MERGED from [androidx.viewpager:viewpager:1.0.0] AndroidManifest.xml:17:1-22:12
MERGED from [androidx.coordinatorlayout:coordinatorlayout:1.0.0] AndroidManifest.xml:17:1-22:12
MERGED from [androidx.drawerlayout:drawerlayout:1.0.0] AndroidManifest.xml:17:1-22:12
MERGED from [androidx.slidingpanelayout:slidingpanelayout:1.0.0] AndroidManifest.xml:17:1-22:12
MERGED from [androidx.customview:customview:1.0.0] AndroidManifest.xml:17:1-22:12
MERGED from [androidx.swiperefreshlayout:swiperefreshlayout:1.0.0] AndroidManifest.xml:17:1-22:12
MERGED from [androidx.asynclayoutinflater:asynclayoutinflater:1.0.0] AndroidManifest.xml:17:1-22:12
MERGED from [androidx.core:core:1.0.1] AndroidManifest.xml:17:1-24:12
MERGED from [androidx.versionedparcelable:versionedparcelable:1.0.0] AndroidManifest.xml:17:1-25:12
MERGED from [androidx.cursoradapter:cursoradapter:1.0.0] AndroidManifest.xml:17:1-22:12
MERGED from [com.github.bumptech.glide:gifdecoder:4.9.0] AndroidManifest.xml:2:1-11:12
MERGED from [androidx.lifecycle:lifecycle-runtime:2.0.0] AndroidManifest.xml:17:1-22:12
MERGED from [androidx.documentfile:documentfile:1.0.0] AndroidManifest.xml:17:1-22:12
MERGED from [androidx.localbroadcastmanager:localbroadcastmanager:1.0.0] AndroidManifest.xml:17:1-22:12
MERGED from [androidx.print:print:1.0.0] AndroidManifest.xml:17:1-22:12
MERGED from [androidx.lifecycle:lifecycle-viewmodel:2.0.0] AndroidManifest.xml:17:1-22:12
MERGED from [androidx.interpolator:interpolator:1.0.0] AndroidManifest.xml:17:1-22:12
MERGED from [com.google.firebase:firebase-components:16.0.0] AndroidManifest.xml:15:1-23:12
MERGED from [com.google.firebase:firebase-encoders-json:16.0.0] AndroidManifest.xml:15:1-23:12
MERGED from [androidx.lifecycle:lifecycle-livedata:2.0.0] AndroidManifest.xml:17:1-22:12
MERGED from [androidx.lifecycle:lifecycle-livedata-core:2.0.0] AndroidManifest.xml:17:1-22:12
MERGED from [androidx.arch.core:core-runtime:2.0.0] AndroidManifest.xml:17:1-22:12
MERGED from [com.facebook.fresco:fbcore:2.0.0] AndroidManifest.xml:2:1-9:12
MERGED from [com.crashlytics.sdk.android:crashlytics-core:2.7.0] AndroidManifest.xml:45:1-56:12
MERGED from [com.crashlytics.sdk.android:beta:1.2.10] AndroidManifest.xml:2:1-13:12
MERGED from [com.crashlytics.sdk.android:answers:1.4.7] AndroidManifest.xml:2:1-13:12
MERGED from [io.fabric.sdk.android:fabric:1.4.8] AndroidManifest.xml:22:1-33:12
MERGED from [com.google.android.datatransport:transport-api:2.2.0] AndroidManifest.xml:15:1-22:12
INJECTED from src/main/AndroidManifest.xml:1:1-36:12
INJECTED from src/main/AndroidManifest.xml:1:1-36:12
INJECTED from src/main/AndroidManifest.xml:1:1-36:12
	package
		ADDED from src/main/AndroidManifest.xml:2:3-37
		INJECTED from src/main/AndroidManifest.xml
		INJECTED from src/main/AndroidManifest.xml
	android:versionName
		INJECTED from src/main/AndroidManifest.xml
		ADDED from src/main/AndroidManifest.xml:1:1-36:12
		INJECTED from src/main/AndroidManifest.xml
	android:versionCode
		INJECTED from src/main/AndroidManifest.xml
		ADDED from src/main/AndroidManifest.xml:1:1-36:12
		INJECTED from src/main/AndroidManifest.xml
	xmlns:android
		ADDED from src/main/AndroidManifest.xml:1:11-69
uses-permission#android.permission.INTERNET
ADDED from src/main/AndroidManifest.xml:4:3-65
MERGED from [:react-native-appsflyer] AndroidManifest.xml:11:5-67
MERGED from [:react-native-appsflyer] AndroidManifest.xml:11:5-67
MERGED from [:rn-fetch-blob] AndroidManifest.xml:15:5-67
MERGED from [:rn-fetch-blob] AndroidManifest.xml:15:5-67
MERGED from [com.onesignal:OneSignal:3.13.2] AndroidManifest.xml:16:5-67
MERGED from [com.onesignal:OneSignal:3.13.2] AndroidManifest.xml:16:5-67
MERGED from [com.google.android.datatransport:transport-backend-cct:2.2.0] AndroidManifest.xml:26:5-67
MERGED from [com.google.android.datatransport:transport-backend-cct:2.2.0] AndroidManifest.xml:26:5-67
MERGED from [com.google.android.gms:play-services-measurement:17.4.1] AndroidManifest.xml:23:5-67
MERGED from [com.google.android.gms:play-services-measurement:17.4.1] AndroidManifest.xml:23:5-67
MERGED from [com.google.android.gms:play-services-measurement-api:17.4.1] AndroidManifest.xml:22:5-67
MERGED from [com.google.android.gms:play-services-measurement-api:17.4.1] AndroidManifest.xml:22:5-67
MERGED from [com.google.android.gms:play-services-measurement-impl:17.4.1] AndroidManifest.xml:23:5-67
MERGED from [com.google.android.gms:play-services-measurement-impl:17.4.1] AndroidManifest.xml:23:5-67
MERGED from [com.google.firebase:firebase-iid:20.1.7] AndroidManifest.xml:23:5-67
MERGED from [com.google.firebase:firebase-iid:20.1.7] AndroidManifest.xml:23:5-67
MERGED from [com.google.firebase:firebase-installations:16.3.0] AndroidManifest.xml:11:5-67
MERGED from [com.google.firebase:firebase-installations:16.3.0] AndroidManifest.xml:11:5-67
MERGED from [com.appsflyer:af-android-sdk:4.10.2] AndroidManifest.xml:11:5-67
MERGED from [com.appsflyer:af-android-sdk:4.10.2] AndroidManifest.xml:11:5-67
MERGED from [com.crashlytics.sdk.android:crashlytics:2.10.1] AndroidManifest.xml:16:5-67
MERGED from [com.crashlytics.sdk.android:crashlytics:2.10.1] AndroidManifest.xml:16:5-67
MERGED from [com.google.android.gms:play-services-measurement-sdk-api:17.4.1] AndroidManifest.xml:23:5-67
MERGED from [com.google.android.gms:play-services-measurement-sdk-api:17.4.1] AndroidManifest.xml:23:5-67
MERGED from [com.crashlytics.sdk.android:crashlytics-core:2.7.0] AndroidManifest.xml:52:5-67
MERGED from [com.crashlytics.sdk.android:crashlytics-core:2.7.0] AndroidManifest.xml:52:5-67
MERGED from [com.crashlytics.sdk.android:beta:1.2.10] AndroidManifest.xml:9:5-67
MERGED from [com.crashlytics.sdk.android:beta:1.2.10] AndroidManifest.xml:9:5-67
MERGED from [com.crashlytics.sdk.android:answers:1.4.7] AndroidManifest.xml:9:5-67
MERGED from [com.crashlytics.sdk.android:answers:1.4.7] AndroidManifest.xml:9:5-67
MERGED from [io.fabric.sdk.android:fabric:1.4.8] AndroidManifest.xml:29:5-67
MERGED from [io.fabric.sdk.android:fabric:1.4.8] AndroidManifest.xml:29:5-67
	android:name
		ADDED from src/main/AndroidManifest.xml:4:20-62
uses-permission#android.permission.SYSTEM_ALERT_WINDOW
ADDED from src/main/AndroidManifest.xml:5:3-75
	android:name
		ADDED from src/main/AndroidManifest.xml:5:20-73
uses-permission#android.permission.READ_PROFILE
ADDED from src/main/AndroidManifest.xml:7:3-69
	android:name
		ADDED from src/main/AndroidManifest.xml:7:20-66
uses-permission#android.permission.READ_CONTACTS
ADDED from src/main/AndroidManifest.xml:8:3-70
	android:name
		ADDED from src/main/AndroidManifest.xml:8:20-67
uses-permission#android.permission.CAMERA
ADDED from src/main/AndroidManifest.xml:10:3-63
	android:name
		ADDED from src/main/AndroidManifest.xml:10:20-60
uses-permission#android.permission.WRITE_EXTERNAL_STORAGE
ADDED from src/main/AndroidManifest.xml:11:3-78
MERGED from [:react-native-fs] AndroidManifest.xml:11:5-81
MERGED from [:react-native-fs] AndroidManifest.xml:11:5-81
MERGED from [:react-native-image-crop-picker] AndroidManifest.xml:10:5-81
MERGED from [:react-native-image-crop-picker] AndroidManifest.xml:10:5-81
MERGED from [:rn-fetch-blob] AndroidManifest.xml:33:5-81
MERGED from [:rn-fetch-blob] AndroidManifest.xml:33:5-81
	android:name
		ADDED from src/main/AndroidManifest.xml:11:20-76
uses-permission#android.permission.READ_EXTERNAL_STORAGE
ADDED from src/main/AndroidManifest.xml:12:3-78
	android:name
		ADDED from src/main/AndroidManifest.xml:12:20-75
uses-permission#android.permission.WRITE_CONTACTS
ADDED from src/main/AndroidManifest.xml:13:3-71
	android:name
		ADDED from src/main/AndroidManifest.xml:13:20-68
application
ADDED from src/main/AndroidManifest.xml:15:3-34:19
MERGED from [:react-native-image-crop-picker] AndroidManifest.xml:12:5-26:19
MERGED from [:react-native-image-crop-picker] AndroidManifest.xml:12:5-26:19
MERGED from [:react-native-image-picker] AndroidManifest.xml:9:5-19:19
MERGED from [:react-native-image-picker] AndroidManifest.xml:9:5-19:19
MERGED from [:react-native-splash-screen] AndroidManifest.xml:11:5-12:19
MERGED from [:react-native-splash-screen] AndroidManifest.xml:11:5-12:19
MERGED from [:react-native-webview] AndroidManifest.xml:11:5-21:19
MERGED from [:react-native-webview] AndroidManifest.xml:11:5-21:19
MERGED from [:rn-fetch-blob] AndroidManifest.xml:35:5-45:19
MERGED from [:rn-fetch-blob] AndroidManifest.xml:35:5-45:19
MERGED from [com.facebook.react:react-native:0.60.5] AndroidManifest.xml:11:5-20
MERGED from [com.facebook.react:react-native:0.60.5] AndroidManifest.xml:11:5-20
MERGED from [com.onesignal:OneSignal:3.13.2] AndroidManifest.xml:48:5-104:19
MERGED from [com.onesignal:OneSignal:3.13.2] AndroidManifest.xml:48:5-104:19
MERGED from [com.google.firebase:firebase-messaging:20.1.7] AndroidManifest.xml:22:5-42:19
MERGED from [com.google.firebase:firebase-messaging:20.1.7] AndroidManifest.xml:22:5-42:19
MERGED from [com.google.firebase:firebase-datatransport:17.0.3] AndroidManifest.xml:24:5-32:19
MERGED from [com.google.firebase:firebase-datatransport:17.0.3] AndroidManifest.xml:24:5-32:19
MERGED from [com.google.android.datatransport:transport-backend-cct:2.2.0] AndroidManifest.xml:28:5-36:19
MERGED from [com.google.android.datatransport:transport-backend-cct:2.2.0] AndroidManifest.xml:28:5-36:19
MERGED from [com.google.android.datatransport:transport-runtime:2.2.0] AndroidManifest.xml:25:5-39:19
MERGED from [com.google.android.datatransport:transport-runtime:2.2.0] AndroidManifest.xml:25:5-39:19
MERGED from [com.facebook.soloader:soloader:0.6.0] AndroidManifest.xml:11:5-20
MERGED from [com.facebook.soloader:soloader:0.6.0] AndroidManifest.xml:11:5-20
MERGED from [com.github.bumptech.glide:okhttp3-integration:4.9.0] AndroidManifest.xml:10:5-14:19
MERGED from [com.github.bumptech.glide:okhttp3-integration:4.9.0] AndroidManifest.xml:10:5-14:19
MERGED from [com.google.android.gms:play-services-location:15.0.1] AndroidManifest.xml:7:5-20
MERGED from [com.google.android.gms:play-services-location:15.0.1] AndroidManifest.xml:7:5-20
MERGED from [com.google.firebase:firebase-core:17.4.1] AndroidManifest.xml:7:5-20
MERGED from [com.google.firebase:firebase-core:17.4.1] AndroidManifest.xml:7:5-20
MERGED from [com.google.firebase:firebase-analytics:17.4.1] AndroidManifest.xml:7:5-20
MERGED from [com.google.firebase:firebase-analytics:17.4.1] AndroidManifest.xml:7:5-20
MERGED from [com.google.android.gms:play-services-measurement:17.4.1] AndroidManifest.xml:28:5-44:19
MERGED from [com.google.android.gms:play-services-measurement:17.4.1] AndroidManifest.xml:28:5-44:19
MERGED from [com.google.android.gms:play-services-measurement-api:17.4.1] AndroidManifest.xml:26:5-34:19
MERGED from [com.google.android.gms:play-services-measurement-api:17.4.1] AndroidManifest.xml:26:5-34:19
MERGED from [com.google.android.gms:play-services-measurement-sdk:17.4.1] AndroidManifest.xml:22:5-23:19
MERGED from [com.google.android.gms:play-services-measurement-sdk:17.4.1] AndroidManifest.xml:22:5-23:19
MERGED from [com.google.android.gms:play-services-measurement-impl:17.4.1] AndroidManifest.xml:28:5-29:19
MERGED from [com.google.android.gms:play-services-measurement-impl:17.4.1] AndroidManifest.xml:28:5-29:19
MERGED from [com.google.android.gms:play-services-ads-identifier:17.0.0] AndroidManifest.xml:22:5-20
MERGED from [com.google.android.gms:play-services-ads-identifier:17.0.0] AndroidManifest.xml:22:5-20
MERGED from [com.google.firebase:firebase-iid:20.1.7] AndroidManifest.xml:28:5-45:19
MERGED from [com.google.firebase:firebase-iid:20.1.7] AndroidManifest.xml:28:5-45:19
MERGED from [com.google.firebase:firebase-iid-interop:17.0.0] AndroidManifest.xml:7:5-8:19
MERGED from [com.google.firebase:firebase-iid-interop:17.0.0] AndroidManifest.xml:7:5-8:19
MERGED from [com.google.android.gms:play-services-base:17.0.0] AndroidManifest.xml:22:5-27:19
MERGED from [com.google.android.gms:play-services-base:17.0.0] AndroidManifest.xml:22:5-27:19
MERGED from [com.google.firebase:firebase-installations:16.3.0] AndroidManifest.xml:13:5-21:19
MERGED from [com.google.firebase:firebase-installations:16.3.0] AndroidManifest.xml:13:5-21:19
MERGED from [com.google.firebase:firebase-common:19.3.0] AndroidManifest.xml:25:5-37:19
MERGED from [com.google.firebase:firebase-common:19.3.0] AndroidManifest.xml:25:5-37:19
MERGED from [com.android.installreferrer:installreferrer:1.0] AndroidManifest.xml:11:5-20
MERGED from [com.android.installreferrer:installreferrer:1.0] AndroidManifest.xml:11:5-20
MERGED from [com.appsflyer:af-android-sdk:4.10.2] AndroidManifest.xml:14:5-15:19
MERGED from [com.appsflyer:af-android-sdk:4.10.2] AndroidManifest.xml:14:5-15:19
MERGED from [com.crashlytics.sdk.android:crashlytics:2.10.1] AndroidManifest.xml:18:5-24:19
MERGED from [com.crashlytics.sdk.android:crashlytics:2.10.1] AndroidManifest.xml:18:5-24:19
MERGED from [com.github.bumptech.glide:glide:4.9.0] AndroidManifest.xml:10:5-20
MERGED from [com.github.bumptech.glide:glide:4.9.0] AndroidManifest.xml:10:5-20
MERGED from [com.google.android.gms:play-services-places-placereport:15.0.1] AndroidManifest.xml:22:5-20
MERGED from [com.google.android.gms:play-services-places-placereport:15.0.1] AndroidManifest.xml:22:5-20
MERGED from [com.google.android.gms:play-services-tasks:17.0.0] AndroidManifest.xml:7:5-20
MERGED from [com.google.android.gms:play-services-tasks:17.0.0] AndroidManifest.xml:7:5-20
MERGED from [com.google.android.gms:play-services-stats:17.0.0] AndroidManifest.xml:7:5-20
MERGED from [com.google.android.gms:play-services-stats:17.0.0] AndroidManifest.xml:7:5-20
MERGED from [com.google.firebase:firebase-measurement-connector:18.0.0] AndroidManifest.xml:22:5-23:19
MERGED from [com.google.firebase:firebase-measurement-connector:18.0.0] AndroidManifest.xml:22:5-23:19
MERGED from [com.google.android.gms:play-services-measurement-base:17.4.1] AndroidManifest.xml:7:5-20
MERGED from [com.google.android.gms:play-services-measurement-base:17.4.1] AndroidManifest.xml:7:5-20
MERGED from [com.google.android.gms:play-services-basement:17.0.0] AndroidManifest.xml:22:5-26:19
MERGED from [com.google.android.gms:play-services-basement:17.0.0] AndroidManifest.xml:22:5-26:19
MERGED from [androidx.core:core:1.0.1] AndroidManifest.xml:22:5-89
MERGED from [androidx.core:core:1.0.1] AndroidManifest.xml:22:5-89
MERGED from [androidx.versionedparcelable:versionedparcelable:1.0.0] AndroidManifest.xml:22:5-23:19
MERGED from [androidx.versionedparcelable:versionedparcelable:1.0.0] AndroidManifest.xml:22:5-23:19
MERGED from [com.github.bumptech.glide:gifdecoder:4.9.0] AndroidManifest.xml:9:5-20
MERGED from [com.github.bumptech.glide:gifdecoder:4.9.0] AndroidManifest.xml:9:5-20
MERGED from [com.crashlytics.sdk.android:crashlytics-core:2.7.0] AndroidManifest.xml:54:5-20
MERGED from [com.crashlytics.sdk.android:crashlytics-core:2.7.0] AndroidManifest.xml:54:5-20
MERGED from [com.crashlytics.sdk.android:beta:1.2.10] AndroidManifest.xml:11:5-20
MERGED from [com.crashlytics.sdk.android:beta:1.2.10] AndroidManifest.xml:11:5-20
MERGED from [com.crashlytics.sdk.android:answers:1.4.7] AndroidManifest.xml:11:5-20
MERGED from [com.crashlytics.sdk.android:answers:1.4.7] AndroidManifest.xml:11:5-20
MERGED from [io.fabric.sdk.android:fabric:1.4.8] AndroidManifest.xml:31:5-20
MERGED from [io.fabric.sdk.android:fabric:1.4.8] AndroidManifest.xml:31:5-20
	android:appComponentFactory
		ADDED from [androidx.core:core:1.0.1] AndroidManifest.xml:22:18-86
	android:label
		ADDED from src/main/AndroidManifest.xml:18:5-37
	android:fullBackupContent
		ADDED from [com.appsflyer:af-android-sdk:4.10.2] AndroidManifest.xml:14:18-73
	android:icon
		ADDED from src/main/AndroidManifest.xml:19:5-39
	android:allowBackup
		ADDED from src/main/AndroidManifest.xml:17:5-31
	android:theme
		ADDED from src/main/AndroidManifest.xml:20:5-36
	android:name
		ADDED from src/main/AndroidManifest.xml:16:5-36
activity#com.connectorstreet1.app.MainActivity
ADDED from src/main/AndroidManifest.xml:21:7-32:18
	android:screenOrientation
		ADDED from src/main/AndroidManifest.xml:25:9-45
	android:label
		ADDED from src/main/AndroidManifest.xml:23:9-41
	android:launchMode
		ADDED from src/main/AndroidManifest.xml:24:9-39
	android:windowSoftInputMode
		ADDED from src/main/AndroidManifest.xml:27:9-51
	android:configChanges
		ADDED from src/main/AndroidManifest.xml:26:9-79
	android:name
		ADDED from src/main/AndroidManifest.xml:22:9-37
intent-filter#action:name:android.intent.action.MAIN+category:name:android.intent.category.LAUNCHER
ADDED from src/main/AndroidManifest.xml:28:9-31:25
action#android.intent.action.MAIN
ADDED from src/main/AndroidManifest.xml:29:13-65
	android:name
		ADDED from src/main/AndroidManifest.xml:29:21-62
category#android.intent.category.LAUNCHER
ADDED from src/main/AndroidManifest.xml:30:13-73
	android:name
		ADDED from src/main/AndroidManifest.xml:30:23-70
activity#com.facebook.react.devsupport.DevSettingsActivity
ADDED from src/main/AndroidManifest.xml:33:7-84
	android:name
		ADDED from src/main/AndroidManifest.xml:33:17-81
uses-sdk
INJECTED from src/main/AndroidManifest.xml reason: use-sdk injection requested
INJECTED from src/main/AndroidManifest.xml
INJECTED from src/main/AndroidManifest.xml
MERGED from [:react-native-contacts] AndroidManifest.xml:7:5-9:41
MERGED from [:react-native-contacts] AndroidManifest.xml:7:5-9:41
MERGED from [:@react-native-community_async-storage] AndroidManifest.xml:5:5-7:41
MERGED from [:@react-native-community_async-storage] AndroidManifest.xml:5:5-7:41
MERGED from [:@react-native-firebase_app] AndroidManifest.xml:7:5-9:41
MERGED from [:@react-native-firebase_app] AndroidManifest.xml:7:5-9:41
MERGED from [:react-native-appsflyer] AndroidManifest.xml:7:5-9:41
MERGED from [:react-native-appsflyer] AndroidManifest.xml:7:5-9:41
MERGED from [:react-native-fabric] AndroidManifest.xml:7:5-9:41
MERGED from [:react-native-fabric] AndroidManifest.xml:7:5-9:41
MERGED from [:react-native-fast-image] AndroidManifest.xml:7:5-9:41
MERGED from [:react-native-fast-image] AndroidManifest.xml:7:5-9:41
MERGED from [:react-native-fs] AndroidManifest.xml:7:5-9:41
MERGED from [:react-native-fs] AndroidManifest.xml:7:5-9:41
MERGED from [:react-native-gesture-handler] AndroidManifest.xml:7:5-9:41
MERGED from [:react-native-gesture-handler] AndroidManifest.xml:7:5-9:41
MERGED from [:react-native-image-crop-picker] AndroidManifest.xml:6:5-8:41
MERGED from [:react-native-image-crop-picker] AndroidManifest.xml:6:5-8:41
MERGED from [:react-native-image-picker] AndroidManifest.xml:5:5-7:41
MERGED from [:react-native-image-picker] AndroidManifest.xml:5:5-7:41
MERGED from [:react-native-onesignal] AndroidManifest.xml:5:5-44
MERGED from [:react-native-onesignal] AndroidManifest.xml:5:5-44
MERGED from [:react-native-reanimated] AndroidManifest.xml:7:5-9:41
MERGED from [:react-native-reanimated] AndroidManifest.xml:7:5-9:41
MERGED from [:react-native-splash-screen] AndroidManifest.xml:7:5-9:41
MERGED from [:react-native-splash-screen] AndroidManifest.xml:7:5-9:41
MERGED from [:react-native-svg] AndroidManifest.xml:5:5-7:41
MERGED from [:react-native-svg] AndroidManifest.xml:5:5-7:41
MERGED from [:react-native-vector-icons] AndroidManifest.xml:7:5-9:41
MERGED from [:react-native-vector-icons] AndroidManifest.xml:7:5-9:41
MERGED from [:react-native-webview] AndroidManifest.xml:7:5-9:41
MERGED from [:react-native-webview] AndroidManifest.xml:7:5-9:41
MERGED from [:rn-fetch-blob] AndroidManifest.xml:7:5-9:41
MERGED from [:rn-fetch-blob] AndroidManifest.xml:7:5-9:41
MERGED from [com.facebook.react:react-native:0.60.5] AndroidManifest.xml:7:5-9:41
MERGED from [com.facebook.react:react-native:0.60.5] AndroidManifest.xml:7:5-9:41
MERGED from [com.onesignal:OneSignal:3.13.2] AndroidManifest.xml:4:5-44
MERGED from [com.onesignal:OneSignal:3.13.2] AndroidManifest.xml:4:5-44
MERGED from [org.webkit:android-jsc:r245459] AndroidManifest.xml:7:5-9:41
MERGED from [org.webkit:android-jsc:r245459] AndroidManifest.xml:7:5-9:41
MERGED from [:react-native-image-resizer] AndroidManifest.xml:7:5-9:41
MERGED from [:react-native-image-resizer] AndroidManifest.xml:7:5-9:41
MERGED from [:react-native-linear-gradient] AndroidManifest.xml:7:5-9:41
MERGED from [:react-native-linear-gradient] AndroidManifest.xml:7:5-9:41
MERGED from [com.google.firebase:firebase-messaging:20.1.7] AndroidManifest.xml:20:5-44
MERGED from [com.google.firebase:firebase-messaging:20.1.7] AndroidManifest.xml:20:5-44
MERGED from [com.google.firebase:firebase-datatransport:17.0.3] AndroidManifest.xml:19:5-21:41
MERGED from [com.google.firebase:firebase-datatransport:17.0.3] AndroidManifest.xml:19:5-21:41
MERGED from [com.google.android.datatransport:transport-backend-cct:2.2.0] AndroidManifest.xml:19:5-21:41
MERGED from [com.google.android.datatransport:transport-backend-cct:2.2.0] AndroidManifest.xml:19:5-21:41
MERGED from [com.google.android.datatransport:transport-runtime:2.2.0] AndroidManifest.xml:18:5-20:41
MERGED from [com.google.android.datatransport:transport-runtime:2.2.0] AndroidManifest.xml:18:5-20:41
MERGED from [com.github.yalantis:ucrop:2.2.2-native] AndroidManifest.xml:7:5-9:41
MERGED from [com.github.yalantis:ucrop:2.2.2-native] AndroidManifest.xml:7:5-9:41
MERGED from [androidx.appcompat:appcompat:1.0.2] AndroidManifest.xml:20:5-44
MERGED from [androidx.appcompat:appcompat:1.0.2] AndroidManifest.xml:20:5-44
MERGED from [com.facebook.fresco:fresco:2.0.0] AndroidManifest.xml:5:5-7:41
MERGED from [com.facebook.fresco:fresco:2.0.0] AndroidManifest.xml:5:5-7:41
MERGED from [com.facebook.fresco:imagepipeline-okhttp3:2.0.0] AndroidManifest.xml:5:5-7:41
MERGED from [com.facebook.fresco:imagepipeline-okhttp3:2.0.0] AndroidManifest.xml:5:5-7:41
MERGED from [com.facebook.fresco:drawee:2.0.0] AndroidManifest.xml:5:5-7:41
MERGED from [com.facebook.fresco:drawee:2.0.0] AndroidManifest.xml:5:5-7:41
MERGED from [com.facebook.fresco:nativeimagefilters:2.0.0] AndroidManifest.xml:5:5-7:41
MERGED from [com.facebook.fresco:nativeimagefilters:2.0.0] AndroidManifest.xml:5:5-7:41
MERGED from [com.facebook.fresco:imagepipeline:2.0.0] AndroidManifest.xml:5:5-7:41
MERGED from [com.facebook.fresco:imagepipeline:2.0.0] AndroidManifest.xml:5:5-7:41
MERGED from [com.facebook.fresco:nativeimagetranscoder:2.0.0] AndroidManifest.xml:5:5-7:41
MERGED from [com.facebook.fresco:nativeimagetranscoder:2.0.0] AndroidManifest.xml:5:5-7:41
MERGED from [com.facebook.fresco:imagepipeline-base:2.0.0] AndroidManifest.xml:5:5-7:41
MERGED from [com.facebook.fresco:imagepipeline-base:2.0.0] AndroidManifest.xml:5:5-7:41
MERGED from [com.facebook.soloader:soloader:0.6.0] AndroidManifest.xml:7:5-9:41
MERGED from [com.facebook.soloader:soloader:0.6.0] AndroidManifest.xml:7:5-9:41
MERGED from [com.github.bumptech.glide:okhttp3-integration:4.9.0] AndroidManifest.xml:6:5-8:41
MERGED from [com.github.bumptech.glide:okhttp3-integration:4.9.0] AndroidManifest.xml:6:5-8:41
MERGED from [com.google.android.gms:play-services-location:15.0.1] AndroidManifest.xml:5:5-44
MERGED from [com.google.android.gms:play-services-location:15.0.1] AndroidManifest.xml:5:5-44
MERGED from [com.google.firebase:firebase-core:17.4.1] AndroidManifest.xml:5:5-44
MERGED from [com.google.firebase:firebase-core:17.4.1] AndroidManifest.xml:5:5-44
MERGED from [com.google.firebase:firebase-analytics:17.4.1] AndroidManifest.xml:5:5-44
MERGED from [com.google.firebase:firebase-analytics:17.4.1] AndroidManifest.xml:5:5-44
MERGED from [com.google.android.gms:play-services-measurement:17.4.1] AndroidManifest.xml:20:5-44
MERGED from [com.google.android.gms:play-services-measurement:17.4.1] AndroidManifest.xml:20:5-44